  UI.cpp
  Trigger.cpp
  WinMain.cpp
  System.cpp
  Framework.cpp
  stage1_data.cpp
c:\users\2170241\desktop\ghost_pinto\iex2010_base\ghostpinto\stage_data.h(3): warning C4099: 'LAND_SCAPE_DATA': タイプ名は最初 'struct' として使われていましたが 'class' として使われています。
  c:\users\2170241\desktop\ghost_pinto\iex2010_base\ghostpinto\bgfg.h(9): note: 'LAND_SCAPE_DATA' の宣言を確認してください
c:\users\2170241\desktop\ghost_pinto\iex2010_base\ghostpinto\stage_data.h(4): warning C4099: 'STAGE_DATA': タイプ名は最初 'struct' として使われていましたが 'class' として使われています。
  c:\users\2170241\desktop\ghost_pinto\iex2010_base\ghostpinto\enemy.h(28): note: 'STAGE_DATA' の宣言を確認してください
  spr_data.cpp
  Sound.cpp
  sceneTutorial.cpp
  sceneTitle.cpp
  sceneOver.cpp
  sceneMain.cpp
  sceneClear.cpp
  Ranking.cpp
c:\users\2170241\desktop\ghost_pinto\iex2010_base\ghostpinto\ranking.cpp(101): warning C4244: '引数': 'int' から 'FLOAT' への変換です。データが失われる可能性があります。
c:\users\2170241\desktop\ghost_pinto\iex2010_base\ghostpinto\ranking.cpp(105): warning C4244: '引数': 'int' から 'FLOAT' への変換です。データが失われる可能性があります。
  Player.cpp
  Frame.cpp
c:\users\2170241\desktop\ghost_pinto\iex2010_base\ghostpinto\frame.cpp(248): warning C4244: '*=': 'double' から 'float' への変換です。データが失われる可能性があります。
  Obj2D.cpp
  Number.cpp
c:\users\2170241\desktop\ghost_pinto\iex2010_base\ghostpinto\number.cpp(198): warning C4244: '引数': 'int' から 'float' への変換です。データが失われる可能性があります。
c:\users\2170241\desktop\ghost_pinto\iex2010_base\ghostpinto\number.cpp(222): warning C4244: '引数': 'int' から 'float' への変換です。データが失われる可能性があります。
c:\users\2170241\desktop\ghost_pinto\iex2010_base\ghostpinto\number.cpp(248): warning C4244: '引数': 'int' から 'float' への変換です。データが失われる可能性があります。
c:\users\2170241\desktop\ghost_pinto\iex2010_base\ghostpinto\number.cpp(277): warning C4244: '引数': 'int' から 'float' への変換です。データが失われる可能性があります。
  MiniMap.cpp
c:\users\2170241\desktop\ghost_pinto\iex2010_base\ghostpinto\minimap.cpp(16): warning C4244: '引数': 'int' から 'FLOAT' への変換です。データが失われる可能性があります。
c:\users\2170241\desktop\ghost_pinto\iex2010_base\ghostpinto\minimap.cpp(20): warning C4244: '初期化中': 'float' から 'int' への変換です。データが失われる可能性があります。
c:\users\2170241\desktop\ghost_pinto\iex2010_base\ghostpinto\minimap.cpp(21): warning C4244: '初期化中': 'float' から 'int' への変換です。データが失われる可能性があります。
c:\users\2170241\desktop\ghost_pinto\iex2010_base\ghostpinto\minimap.cpp(42): warning C4244: '引数': 'FLOAT' から 'int' への変換です。データが失われる可能性があります。
c:\users\2170241\desktop\ghost_pinto\iex2010_base\ghostpinto\minimap.cpp(43): warning C4244: '引数': 'FLOAT' から 'int' への変換です。データが失われる可能性があります。
c:\users\2170241\desktop\ghost_pinto\iex2010_base\ghostpinto\minimap.cpp(45): warning C4244: '引数': 'FLOAT' から 'int' への変換です。データが失われる可能性があります。
  IEX_View.cpp
  コードを生成中...
  コンパイル中...
  IEX_Texture.cpp
  IEX_System.cpp
  IEX_SkinMesh.cpp
  IEX_Shader.cpp
  IEX_RenderState.cpp
  IEX_Polygon.cpp
  IEX_Particle.cpp
  IEX_Mesh.cpp
  IEX_Math.cpp
  IEX_Light.cpp
  IEX_Input.cpp
  IEX_Direct3D.cpp
  IEX_Audio.cpp
  IEX_3DObject.cpp
  IEX_2DObject.cpp
c:\users\2170241\desktop\ghost_pinto\iex2010_base\ghostpinto\iex\iex_2dobject.cpp(380): warning C4244: '引数': 'int' から 'float' への変換です。データが失われる可能性があります。
  Enemy.cpp
c:\users\2170241\desktop\ghost_pinto\iex2010_base\ghostpinto\stage_data.h(4): warning C4099: 'STAGE_DATA': タイプ名は最初 'struct' として使われていましたが 'class' として使われています。
  c:\users\2170241\desktop\ghost_pinto\iex2010_base\ghostpinto\enemy.h(28): note: 'STAGE_DATA' の宣言を確認してください
c:\users\2170241\desktop\ghost_pinto\iex2010_base\ghostpinto\enemy.cpp(136): warning C4244: '=': 'float' から 'int' への変換です。データが失われる可能性があります。
c:\users\2170241\desktop\ghost_pinto\iex2010_base\ghostpinto\enemy.cpp(137): warning C4244: '=': 'float' から 'int' への変換です。データが失われる可能性があります。
  MAP.cpp
c:\users\2170241\desktop\ghost_pinto\iex2010_base\ghostpinto\map.cpp(73): warning C4244: '引数': 'float' から 'int' への変換です。データが失われる可能性があります。
  Effect.cpp
c:\users\2170241\desktop\ghost_pinto\iex2010_base\ghostpinto\effect.cpp(667): warning C4244: '=': 'FLOAT' から 'int' への変換です。データが失われる可能性があります。
c:\users\2170241\desktop\ghost_pinto\iex2010_base\ghostpinto\effect.cpp(672): warning C4244: '=': 'FLOAT' から 'int' への変換です。データが失われる可能性があります。
c:\users\2170241\desktop\ghost_pinto\iex2010_base\ghostpinto\effect.cpp(933): warning C4244: '=': 'FLOAT' から 'int' への変換です。データが失われる可能性があります。
c:\users\2170241\desktop\ghost_pinto\iex2010_base\ghostpinto\effect.cpp(934): warning C4244: '=': 'FLOAT' から 'int' への変換です。データが失われる可能性があります。
c:\users\2170241\desktop\ghost_pinto\iex2010_base\ghostpinto\effect.cpp(946): warning C4244: '引数': 'int' から 'FLOAT' への変換です。データが失われる可能性があります。
c:\users\2170241\desktop\ghost_pinto\iex2010_base\ghostpinto\effect.cpp(956): warning C4244: '引数': 'int' から 'FLOAT' への変換です。データが失われる可能性があります。
  BGFG.cpp
c:\users\2170241\desktop\ghost_pinto\iex2010_base\ghostpinto\stage_data.h(3): warning C4099: 'LAND_SCAPE_DATA': タイプ名は最初 'struct' として使われていましたが 'class' として使われています。
  c:\users\2170241\desktop\ghost_pinto\iex2010_base\ghostpinto\bgfg.h(9): note: 'LAND_SCAPE_DATA' の宣言を確認してください
c:\users\2170241\desktop\ghost_pinto\iex2010_base\ghostpinto\stage_data.h(4): warning C4099: 'STAGE_DATA': タイプ名は最初 'struct' として使われていましたが 'class' として使われています。
  c:\users\2170241\desktop\ghost_pinto\iex2010_base\ghostpinto\enemy.h(28): note: 'STAGE_DATA' の宣言を確認してください
c:\users\2170241\desktop\ghost_pinto\iex2010_base\ghostpinto\bgfg.cpp(100): warning C4838: 'double' から 'float' への変換には縮小変換が必要です
c:\users\2170241\desktop\ghost_pinto\iex2010_base\ghostpinto\bgfg.cpp(100): warning C4305: '初期化中': 'double' から 'float' へ切り詰めます。
c:\users\2170241\desktop\ghost_pinto\iex2010_base\ghostpinto\bgfg.cpp(103): warning C4838: 'double' から 'float' への変換には縮小変換が必要です
c:\users\2170241\desktop\ghost_pinto\iex2010_base\ghostpinto\bgfg.cpp(103): warning C4305: '初期化中': 'double' から 'float' へ切り詰めます。
c:\users\2170241\desktop\ghost_pinto\iex2010_base\ghostpinto\bgfg.cpp(215): warning C4244: '引数': 'float' から 'int' への変換です。データが失われる可能性があります。
c:\users\2170241\desktop\ghost_pinto\iex2010_base\ghostpinto\bgfg.cpp(216): warning C4244: '引数': 'float' から 'int' への変換です。データが失われる可能性があります。
c:\users\2170241\desktop\ghost_pinto\iex2010_base\ghostpinto\bgfg.cpp(223): warning C4244: '引数': 'float' から 'int' への変換です。データが失われる可能性があります。
c:\users\2170241\desktop\ghost_pinto\iex2010_base\ghostpinto\bgfg.cpp(224): warning C4244: '引数': 'float' から 'int' への変換です。データが失われる可能性があります。
c:\users\2170241\desktop\ghost_pinto\iex2010_base\ghostpinto\bgfg.cpp(231): warning C4244: '引数': 'float' から 'int' への変換です。データが失われる可能性があります。
c:\users\2170241\desktop\ghost_pinto\iex2010_base\ghostpinto\bgfg.cpp(232): warning C4244: '引数': 'float' から 'int' への変換です。データが失われる可能性があります。
  コードを生成中...
  IEX2010.vcxproj -> C:\Users\2170241\Desktop\Ghost_pinto\IEX2010_BASE\GhostPinto\Debug\IEX2010_base.exe
  IEX2010.vcxproj -> C:\Users\2170241\Desktop\Ghost_pinto\IEX2010_BASE\GhostPinto\Debug\IEX2010_base.pdb (Full PDB)
